[    0.000000] Initializing cgroup subsys cpuset
[    0.000000] Initializing cgroup bsys cpu
[    0.000000] Initializing cgroup subsys cpuacct
[    0.000000] Linux version 4.4.0-135-genericc (buildd@lcy01-amd64-020) (gcc version 5.4.0 20160609 (Ubuntu 5.4.0-6ubuntu1~16.04.10) ) #161-Ubunt SMP Mon Aug 27 10:45:01 UTC018 (Ubuntu 4.4.0-135.161-generic 4.4.140)
[    0.000000] Command line: BOOT_IMAGE=/boot/vmlinuz-4.4.0-135-generic root=LABEL=cloudimg-rootfs ro console=tty1 console=ttyS0
[    0.000000] KERNEL supported cpus:
[    0.000000]   Intel GenuineIntel
[    0.000000]   AMD AuthenticAMD
[    0.000000]   Centaur CentaurHauls
[    0.000000] x86/fpu: xstate_offset[2]:  576, xstate_sizes[2]:  256
[    0.000000] x86/fpu: Supporting XSAVE feature 0x01: 'x87 floating point registers'
[    0.000000] x86/fpu: Supporting XSAVE feature 0x02: 'SSE registers'
[    0.000000] x86/fpu: Supporting XSAV feature 0x04: 'AVX registers'
[    0.000000] x86/fpu: Enabled xstate features 0x7, context size is 832 bytes, using 'standard' format.
[    0.000000] e820: BIOprovided physical RAM map:
[    0.000000] BIOS-e820: [mem 0x0000000000000000-0x000000000009fbff] usable
[    0.000000] BIOS-e820: [mem 0x000000000009fc00-0x000000000009ffff] reserved
[    0.000000] BIOS-e820: [mem 0x00000000000000-0x00000000000fffff] reserved
[    0.000000] BIOS-e820: [mem 0x0000000000100000-0x000000003ffeffff] usable
[    0.0000 BOS-e82 [m 0x00000003fff0000-0x000000003fffffff] ACPI data
[    0.000000] BIOS-e820: [mem 0x00000000fec00000-0x00000000fec00fff] reserved
[    0.000000] BIOS-e820: [mem 0x00000000fee00000-0x00000000fee00fff] reserved
[    0.000000] BIOS-e820: [mem 0x00000000fffc0000-0x00000000ffffffff] reserved
[    0.000000] NX (Execute Disable) protection: active
[    0.000000] SMBIOS 2.5 present.
[    0.000000] Hypervisor detected: KVM
[    0.000000] e820: last_pfn = 0x3fff0 max_arch_pfn = 0x400000000
[    0.000000] MTRR: Disabled
[    0.000000] x86/PAT: MRs disabled, skipping PAT initialization too.
[    0.000000] CPU MTRRs all blank - virtualized system.
[    0.000000] x86/PAT: Configuration [0-7]: WB  WT  UC- UC  WB  WT  UC- UC  
[    0.000000] found SMP MP-table at [mem 0x0009fff0-0x0009ffff] mapped at [ffff88000009fff0]
[    0.000000] Sccanning 1 areas for low memory corruption
[    0.000000] RAMDISK: [mem 0x3630a000-0x3717cfff]
[    0.000000] ACPI: Early table checksum verification disabled
[    0.000000] ACPI: RSDP 0x00000000000E0000 000024 (v02 VBOX  )
[    0.000000] ACPI: XSDT 0x000000003FFF0030 00003C (v01 VBOX   VBOXXSDT 00000001 ASL  00000061)
[    0.000000] ACPI: FACP 0x000000003FFF00F0 0000F4 (v04 VBOX   VBOXFACP 00000001 ASL  00000061)
[    0.000000] ACPI: DSDT 0x000000003FFF0470 0021FF (v02 VBOX   VBOXBIOS 00000002 INTL 20100528)
[    0.000000] ACPI: FACS 0x000000003FFF0200 000040
[    0.000000] ACPI: FACS 0x000000003FFF0200 000040
[    0.000000] ACPI: APIC 0x000000003FFF0240 00005C (v02 VBOX   VBOXAPIC 00000001 ASL  00000061)
[    0.000000] ACPI: SSDT 0x000000003FFF02A0 0001CC (v01 VBOX   VBOXCPUT 00000002 INTL 20100528)
[    0.000000] No NUMA configuration found
[    0.000000] Faking a node at [mem 0x0000000000000000-0x000000003ffeffff]
[    0.000000] NODE_DATA(0) allocated [mem 0x3ffeb000-0x3ffeffff]
[    0.000000] kvm-clock: Using msrs 4b564d01 and 4b564d00
[    0.000000] kvm-clock: cpu 0, msr 0:3ffe3001, primary cpu clock
[    0.000000] kvm-clock: using sched offset of 5682071730 cycles
[    0.000000] clocksource: kvm-clock: mask: 0xffffffffffffffff max_cycles: 0x1cd42e4dffb, max_idle_ns: 88159091483 ns
[    0.000000] Zone ranges:
[    0.000000]   DMA      [mem 0x0000000000001000-0x0000000000ffffff]
[    0.000000]   DMA32    [mem 0x0000000001000000-0x000000003ffeffff]
[    0.000000]   Normal   empty
[    0.000000]   Device   empty
[    0.000000] Movable zone start for each node
[    0.000000] Early memory node ranges
[    0.000000]   node   0: [mem 0x0000000000001000-0x000000000009efff]
[    0.000000]   node   0: [mem 0x0000000000100000-0x000000003ffeffff]
[    0.000000] Initmem setup node 0 [mem 0x0000000000001000-0x000000003ffeffff]
[    0.000000] ACPI: PM-Timer IO Port: 0x4008
[    0.000000] IOAPIC[0]: apic_id 2, version 32, address 0xfec00000, GSI 0-23
[    0.000000] ACPI: INT_SRC_OVR (bus 0 bus_irq 0 global_irq 2 dfl dfl)
[    0.000000] ACPI: INT_SRC_OVR (bus 0 bus_irq 9 global_irq 9 low level)
[    0.000000] Using ACPI (MADT) for SMP configuration information
[    0.000000] smpboot: Allowing 2 CPUs, 0 hotplug CPUs
[    0.000000] PM: Registered nosave memory: [mem 0x00000000-0x00000fff]
[    0.00000] PM: Registered nosave memory: [mem 0x0009f000-0x0009ffff]
[    0.000000] PM: Registered nosave memory: [mem 0x000a0000-0x000effff]
[    0.000000] PM: Registered nosave memory: [mem 0x000f0000-0x000fffff]
[    0.000000] e820: [mem 0x40000000-0xfebfffff] available for PCI devices
[    0.000000] Booting paravirtualized kernel on KVM
[    0.000000] clocksource: refined-jiffies: mask: 0xffffffff max_cycles: 0xffffffff, max_idle_ns: 7645519600211568 ns
[    0.000000] setup_percpu: NR_CPUS:512 nr_cpumask_bits:512 nr_cpu_ids:2 nr_node_ids:1
[    0.000000] PERCPU: Embedded 34 pages/cpu @ffff88003fc00000 s99544 r8192 d31528 u1048576
[    0.000000] PV qspinlock hash table entries: 256 (order: 0, 4096 bytes)
[    0.000000] Built 1 zonelists in Node order, mobility grouping on.  Total pages: 257912
[    0.000000] Policy zone: DMA32
[    0.000000] Kernel command line: BOOT_IMAGE=/boot/vmlinuz-4.4.0-135-generic root=LABEL=cloudimg-rootfs ro console=tty1 console=ttyS0
[    0.000000] PID hash table entries: 4096 (order: 3, 32768 byttes)
[    0.000000] Memory: 997720K/1048120K available (8554K kernel code, 1314K rwdata, 4004K rodata, 1516K init, 1316K bss, 50400K reserved, 0K cma-reserved)
[    0.000000] SLUB: HWalign=64, Order=0-3, MinObjects=0, CPUs=2, Nodes=1
[    0.000000] Kernel/User page tables isolation: enabled
[    0.000000] Hierarchical RCU implementation.
[    0.000000] 	Build-time adjustment of leaf fanout to 64.
[    0.000000] 	RCU restricting CPUs from NR_CPUS=512 to nr_cpu_ids=2.
[    0.000000] RCU: Adjusting geometry for rcu_fanout_leaf=64, nr_cpu_ids=2
[    0.000000] NR_IRQS:33024 nr_irqs:440 16
[    0.000000] Console: colour VGA+ 80x25
[    0.000000] console [tty1] enabled
[    0.000000] console [ttyS0] enabled
[    0.000000] tsc: Detected 3096.000 MHz processor
[    0.548241] Calibrating delay loop (skipped) preset value.. 6192.00 BogoMIPS (lpj=12384000)
[    0.550828] pid_max: default: 32768 minimum: 301
[    0.552164] ACPI: Core revision 20150930
[    0.554130] ACPI: 2 ACPI AML tables successfully acquired and loaded
[    0.556033] Security Framework initialized
[   0.557378] Yama: becoming mindful.
[    0.569972] AppArmor: AppArmor initialized
[    0.571257] Dentry cache hash table entries: 131072 (order: 8, 1048576 bytes)
[    0.575136] Inode-cache hash table entries: 65536 (order: 7, 524288 bytes)
[    0.577125] Mount-cache hash table entries: 2048 (order: 2, 16384 bytes)
[    0.579074] Mountpoint-cache hash table entries: 2048 (order: 2, 16384 bytes)
[    0.588502] Initializing cgroup subsys io
[    0.589688] Initializing cgroup subsys memory
[    0.591402] Initializing cgroup subsys devices
[    0.592715] Initializing cgroup subsys freezer
[    0.594019] Initializing cgroup subsys net_cls
[    0.595845] Initializing cgroup subsys perf_event
[    0.597150] Initializing cgroup subsys net_prio
[    0.598378] Initializing cgroup subsys hugetlb
[    0.599713] Initializing cgroup subsys pids
[    0.602004] mce: CPU supports 0 MCE banks
[    0.603210] Last level iTLB entries: 4KB 64, 2MB 8, 4MB 8
[    0.604724] Last level dTLB entries: 4KB 64, 2MB 0, 4MB 0, 1GB 4
[    0.606325] Spectre V2 : Mitigation: Full generic retpoline
[    0.608208] Spectre V2 : Speculation control IBPB not-supported IBRS not-supported
[    0.610364] Spectre V2 : Filling RSB on context switch
[    0.612113] Speculative Store Bypass: Vulnerable
[    0.615623] Freeing SMP alternatives memory: 32K
[    0.624245] ftrace: allocating 32266 entries in 127 pages
[    0.677299] smpboot: APIC(0) Converting physical 0 to logical package 0
[    0.679194] smpboot: Max logical packages: 1
[    0.680673] x2apic enabled
[    0.681726] Switched APIC routing to physical x2apic.
[    0.684677] ..TIMER: vector=0x30 apic1=0 pin1=2 apic2=-1 pin2=-1
[    0.791754] smpboot: CPU0: Intel(R) Core(TM) i5-7267U CPU @ 3.10GHz (family: 0x6, model: 0x8e, stepping: 0x9)
[    0.794990] Performance Events: unsupported p6 CPU model 142 no PMU driver, software events only.
[    0.798249] KVM setup paravirtual spinlock
[    0.800294] x86: Booting SMP configuration:
[    0.801509] .... node  #0, CPUs:      #1
[    0.803033] kvm-clock: cpu 1, msr 0:3ffe3041, secondary cpu clock
[    0.805664] mce: CPU supports 0 MCE banks
[    0.808607] x86: Booted up 1 node, 2 CPUs
[    0.809971] smpboot: Total of 2 processors activated (12384.00 BogoMIPS)
[    0.812354] devtmpfs: initialized
[    0.814896] evm: security.selinux
[    0.815958] evm: security.SMACK64
[    0.816979] evm: security.SMACK64EXEC
[    0.818059] evm: security.SMACK64TRANSMUTE
[    0.819219] evm: security.SMACK64MMAP
[    0.820346] evm: security.ima
[    0.821398] evm: security.capability
[    0.822732] clocksource: jiffies: mask: 0xffffffff max_cycles: 0xffffffff, max_idle_ns: 7645041785100000 ns
[    0.825941] futex hash table entries: 512 (order: 3, 32768 bytes)
[    0.833426] pinctrl core: initialized pinctrl subsystem
[    0.835045] RTC time:  6:34:34, date: 10/05/18
[    0.836583] NET: Registered protocol family 16
[    0.848050] cpuidle: using governor ladder
[    0.860072] cpuidle: using governor menu
[    0.861813] PCCT header not found.
[    0.863315] ACPI: bus type PCI registered
[    0.864691] acpiphp: ACPI Hot Plug PCI Controller Driver version: 0.5
[    0.866678] PCI: Using configuration type 1 for base access
[    0.882771] ACPI: Added _OSI(Module Device)
[    0.890214] ACPI: Added _OSI(Processor Device)
[    0.891925] ACPI: Added _OSI(3.0 _SCP Extensions)
[    0.893447] ACPI: Added _OSI(Processor Aggregator Device)
[    0.896218] ACPI: Executed 1 blocks of module-level executable AML code
[    0.900237] ACPI: Interpreter enabled
[    0.901488] ACPI: (supports S0 S5)
[    0.902498] ACPI: Using IOAPIC for interrupt routing
[    0.904151] PCI: Using host bridge windows from ACPI; if necessary, use "pci=nocrs" and report a bug
[    0.911192] ACPI: PCI Root Bridge [PCI0] (domain 0000 [bus 00-ff])
[    0.913110] acpi PNP0A03:00: _OSC: OS supports [ASPM ClockPM Segments MSI]
[    0.914913] acpi PNP0A03:00: _OSC: not requesting OS control; OS requires [ExtendedConfig ASPM ClockPM MSI]
[    0.917649] acpi PNP0A03:00: fail to add MMCONFIG information, can't access extended PCI configuration space under this bridge.
[    0.921084] PCI host bridge to bus 0000:00
[    0.922375] pci_bus 0000:00: root bus resource [io  0x0000-0x0cf7 window]
[    0.924903] pci_bus 0000:00: root bus resource [io  0x0d00-0xffff window]
[    0.926794] pci_bus 0000:00: root bus resource [mem 0x000a0000-0x000bffff window]
[    0.928995] pci_bus 0000:00: root bus resource [mem 0x40000000-0xfdffffff window]
[    0.931271] pci_bus 0000:00: root bus resource [bus 00-ff]
[    0.935503] pci 0000:00:01.1: legacy IDE quirk: reg 0x10: [io  0x01f0-0x01f7]
[    0.937467] pci 0000:00:01.1: legacy IDE quirk: reg 0x14: [io  0x03f6]
[    0.939311] pci 0000:00:01.1: legacy IDE quirk: reg 0x18: [io  0x0170-0x0177]
[    0.941901] pci 0000:00:01.1: legacy IDE quirk: reg 0x1c: [io  0x0376]
[    0.957143] pci 0000:00:07.0: quirk: [io  0x4000-0x403f] claimed by PIIX4 ACPI
[    0.967643] pci 0000:00:07.0: quirk: [io  0x4100-0x410f] claimed by PIIX4 SMB
[    0.977885] ACPI: PCI Interrupt Link [LNKA] (IRQs 5 9 10 *11)
[    0.980211] ACPI: PCI Interrupt Link [LNKB] (IRQs 5 9 *10 11)
[    0.982324] ACPI: PCI Interrupt Link [LNKC] (IRQs 5 *9 10 11)
[    0.984434] ACPI: PCI Interrupt Link [LNKD] (IRQs 5 9 10 *11)
[    0.986489] ACPI: Enabled 2 GPEs in block 00 to 07
[    0.988281] vgaarb: setting as boot device: PCI:0000:00:02.0
[    0.989880] vgaarb: device added: PCI:0000:00:02.0,decodes=io+mem,owns=io+mem,locks=none
[    0.993046] vgaarb: loaded
[    0.993949] vgaarb: bridge control possible 0000:00:02.0
[    0.995710] SCSI subsystem initialized
[    0.996990] ACPI: bus type USB registered
[    0.998153] usbcore: registered new interface driver usbfs
[    0.999713] usbcore: registered new interface driver hub
[    1.001140] usbcore: registered new device driver usb
[    1.004410] PCI: Using ACPI for IRQ routing
[    1.006038] NetLabel: Initializing
[    1.007384] NetLabel:  domain hash size = 128
[    1.022161] NetLabel:  protocols = UNLABELED CIPSOv4
[    1.068823] NetLabel:  unlabeled traffic allowed by default
[    1.094339] amd_nb: Cannot enumerate AMD northbridges
[    1.130283] clocksource: Switched to clocksource kvm-clock
[    1.1878 AppArmor: AppArmor Filesystem Enabled
[   1.262913] pnp: PnP ACPI init
[  1.318476] pnp: PnP ACPI: found 3 devices

[   3910clksrc ai_pm: mask0xffff m_cycle 0fff,ax_idle_n 257024 ns
[  2.174906] NE Registeredrocofamily 2

[    2.445020] TCP established hash table entries: 8192 (order: 4, 65536 bytes)
[    2.447110] TCP bind hash table entries: 8192 (order: 5, 131072 bytes)
[    2.450978] TCP: Hh tables configured (established 892in8192)
[    2.636581] UDP hash table entries: 512 (order: 2, 16384 bytes)
[    2.638203] UDP-Lite hash table entris:51(oer: 2, 1684 bytes)
[    2.800874] NET: Registered protocol family 1
[    2.802178]ci0000:.0: Limiting direct PCI/PCI transfers
[  2803]ci000:001: Activating ISA DMA hang workarounds
[    3.311040] Unpacking initramfs...
[    3.529420] Freeing initrd memory: 14796K
[    3.551095] platform rtc_cmos: registered platform RTC device (no PNP device found)
[    3.553384] Scanning for low memory corruption every 60 seconds
[    3.562763] audit: initializing netlink subsys (disabled)
[    3.564500] audit: type=2000 audit(1538721283.942:1): initialized
[    3.566812] Initialise system trusted keyring
[    3.568481] HugeTLB registered 2 MB page size, pre-allocated 0 pages
[    3.571585] zbud: loaded
[    3.573051] VFS: Disk quotas dquot_6.6.0
[    3.584470] VFS: Dquot-cache hash table entries: 512 (order 0, 4096 bytes)
[    3.589825] squashfs: version 4.0 (2009/01/31) Phillip Lougher
[    3.600778] fuse init (API version 7.23)
[    3.602703] Key type big_key registered
[    3.612309] Allocating IMA MOK and blacklist keyrings.
[    3.616171] Key type asymmetric registered
[    3.618011] Asymmetric key parser 'x509' registered
[    3.620196] Block layer SCSI generic (bsg) driver version 0.4 loaded (major 249)
[    3.626917] io scheduler noop registered
[    3.632171] io scheduler deadline registered (default)
[    3.635736] io scheduler cfq registered
[    3.639142] pci_hotplug: PCI Hot Plug PCI Core version: 0.5
[    3.643678] pciehp: PCI Express Hot Plug Controller Driver version: 0.4
[    3.657076] ACPI: AC Adapter [AC] (on-line)
[    3.731146] input: Power Button as /devices/LNXSYSTM:00/LNXPWRBN:00/input/input0
[    3.758437] ACPI: Power Button [PWRF]
[    3.774506] input: Sleep Button as /devices/LNXSYSTM:00/LNXSLPBN:00/input/input1
[    3.776680] ACPI: Sleep Button [SLPF]
[    3.779018] ACPI: Battery Slot [BAT0] (battery present)
[    3.780651] GHES: HEST is not enabled!
[    3.784202] Serial: 8250/16550 driver, 32 ports, IRQ sharing enabled
[    3.847266] 00:02: ttyS0 at I/O 0x3f8 (irq = 4, base_baud = 115200) is a 16550A
[    3.877053] Linux agpgart interface v0.103
[    3.879896] loop: module loaded
[    3.900729] scsi host0: ata_piix
[    3.950960] scsi host1: ata_piix
[    3.957985] ata1: PATA max UDMA/33 cmd 0x1f0 ctl 0x3f6 bmdma 0xd000 irq 14
[    3.974837] ata2: PATA max UDMA/33 cmd 0x170 ctl 0x376 bmdma 0xd008 irq 15
[    4.041574] libphy: Fixed MDIO Bus: probed
[    4.073670] tun: Universal TUN/TAP device driver, 1.6
[    4.106002] tun: (C) 1999-2004 Max Krasnyansky <maxk@qualcomm.com>
[    4.126244] PPP generic driver version 2.4.2
[    4.127614] ehci_hcd: USB 2.0 'Enhanced' Host Controller (EHCI) Driver
[    4.143520] ehci-pci: EHCI PCI platform driver
[    4.173558] ehci-platform: EHCI generic platform driver
[    4.205882] ohci_hcd: USB 1.1 'Open' Host Controller (OHCI) Driver
[    4.208219] ohci-pci: OHCI PCI platform driver
[    4.231792] ohci-platform: OHCI generic platform driver
[    4.266115] uhci_hcd: USB Universal Host Controller Interface driver
[    4.299988] i8042: PNP: PS/2 Controller [PNP0303:PS2K,PNP0f03:PS2M] at 0x60,0x64 irq 1,12
[    4.310338] serio: i8042 KBD port at 0x60,0x64 irq 1
[    4.331675] serio: i8042 AUX port at 0x60,0x64 irq 12
[    4.357584] mousedev: PS/2 mouse device common for all mice
[    4.359810] rtc_cmos rtc_cmos: rtc core: registered rtc_cmos as rtc0
[    4.376385] rtc_cmos rtc_cmos: alarms up to one day, 114 bytes nvram
[    4.391137] i2c /dev entries driver
[    4.440783] input: AT Translated Set 2 keyboard as /devices/platform/i8042/serio0/input/input2
[    4.442432] device-mapper: uevent: version 1.0.3
[    4.466095] device-mapper: ioctl: 4.34.0-ioctl (2015-10-28) initialised: dm-devel@redhat.com
[    4.466121] ledtrig-cpu: registered to indicate activity on CPUs
[    4.466369] NET: Registered protocol family 10
[    4.466485] NET: Registered protocol family 17
[    4.466496] Key type dns_resolver registered
[    4.466711] registered taskstats version 1
[    4.466721] Loading compiled-in X.509 certificates
[    4.467196] Loaded X.509 cert 'Build time autogenerated kernel key: b7189ebc996fd79c52efc1226b6676b25e4f6a2d'
[    4.467209] zswap: loaded using pool lzo/zbud
[    4.468350] Key type trusted registered
[    4.470225] Key type encrypted registered
[    4.470230] AppArmor: AppArmor sha1 policy hashing enabled
[    4.470232] ima: No TPM chip found, activating TPM-bypass!
[    4.470239] ima: Allocated hash algorithm: sha1
[    4.470250] evm: HMAC attrs: 0x1
[    4.470547]   Magic number: 6:64:569
[    4.483422] rtc_cmos rtc_cmos: setting system clock to 2018-10-05 06:34:38 UTC (1538721278)
[    4.483544] BIOS EDD facility v0.16 2004-Jun-25, 0 devices found
[    4.483545] EDD information not available.
[    4.796862] tsc: Refined TSC clocksource calibration: 3095.575 MHz
[    4.811465] clocksource: tsc: mask: 0xffffffffffffffff max_cycles: 0x2c9ef3d3f1b, max_idle_ns: 440795286100 ns
[    4.815026] Freeing unused kernel memory: 1516K
[    4.954722] Write protecting the kernel read-only data: 14336k
[    5.311003] Freeing unused kernel memory: 1672K
[    5.825497] Freeing unused kernel memory: 92K
Loading, please wait...
starting version 229
[    5.849338] random: udevadm: uninitialized urandom read (16 bytes read, 5 bits of entropy available)
[    5.851971] random: systemd-udevd: uninitialized urandom read (16 bytes read, 5 bits of entropy available)
[    5.852054] random: systemd-udevd: uninitialized urandom read (16 bytes read, 5 bits of entropy available)
[    5.852067] random: systemd-udevd: uninitialized urandom read (16 bytes read, 5 bits of entropy available)
[    5.852129] random: systemd-udevd: uninitialized urandom read (16 bytes read, 5 bits of entropy available)
[    5.899517] random: udevadm: uninitialized urandom read (16 bytes read, 5 bits of entropy available)
[    5.911495] random: systemd-udevd: uninitialized urandom read (16 bytes read, 5 bits of entropy available)
[    5.954282] random: systemd-udevd: uninitialized urandom read (16 bytes read, 5 bits of entropy available)
[    5.955230] random: udevadm: uninitialized urandom read (16 bytes read, 5 bits of entropy available)
[    5.955264] random: udevadm: uninitialized urandom read (16 bytes read, 5 bits of entropy available)
[    6.130625] e1000: Intel(R) PRO/1000 Network Driver - version 7.3.21-k8-NAPI
[    6.130631] Fusion MPT base driver 3.04.20
[    6.130632] Copyright (c) 1999-2008 LSI Corporation
[    6.135966] e1000: Copyright (c) 1999-2006 Intel Corporation.
[    6.159743] AVX2 version of gcm_enc/dec engaged.
[    6.161410] AES CTR mode by8 optimization enabled
[    6.170998] Fusion MPT SPI Host driver 3.04.20
[    6.351704] input: ImExPS/2 Generic Explorer Mouse as /devices/platform/i8042/serio1/input/input4
[    6.549218] e1000 0000:00:03.0 eth0: (PCI:33MHz:32-bit) 02:fb:a8:4c:29:d0
[    6.586305] e1000 0000:00:03.0 eth0: Intel(R) PRO/1000 Network Connection
[    6.609028] e1000 0000:00:03.0 enp0s3: renamed from eth0
[    6.620975] mptbase: ioc0: Initiating bringup
[    6.726233] ioc0: LSI53C1030 A0: Capabilities={Initiator}
[    7.873629] scsi host2: ioc0: LSI53C1030 A0, FwRev=00000000h, Ports=1, MaxQ=256, IRQ=20
[    8.406843] scsi 2:0:0:0: Direct-Access     VBOX     HARDDISK         1.0  PQ: 0 ANSI: 5
[    8.412841] scsi target2:0:0: Beginning Domain Validation
[    8.625528] scsi target2:0:0: Domain Validation skipping write tests
[    8.633227] scsi target2:0:0: Ending Domain Validation
[    8.639482] scsi target2:0:0: asynchronous
[    8.641605] scsi 2:0:1:0: Direct-Access     VBOX     HARDDISK         1.0  PQ: 0 ANSI: 5
[    8.739250] scsi target2:0:1: Beginning Domain Validation
[    8.760037] scsi target2:0:1: Domain Validation skipping write tests
[    8.823328] scsi target2:0:1: Ending Domain Validation
[    8.869347] scsi target2:0:1: asynchronous
[    9.220588] sd 2:0:0:0: Attached scsi generic sg0 type 0
[    9.220667] sd 2:0:0:0: [sda] 20971520 512-byte logical blocks: (10.7 GB/10.0 GiB)
[    9.231694] sd 2:0:0:0: [sda] Write Protect is off
[    9.233076] sd 2:0:1:0: Attached scsi generic sg1 type 0
[    9.233956] sd 2:0:1:0: [sdb] 20480 512-byte logical blocks: (10.5 MB/10.0 MiB)
[    9.234214] sd 2:0:1:0: [sdb] Write Protect is off
[    9.234635] sd 2:0:1:0: [sdb] Incomplete mode parameter data
[    9.234637] sd 2:0:1:0: [sdb] Assuming drive cache: write through
[    9.243735] sd 2:0:1:0: [sdb] Attached SCSI disk
[    9.261345] sd 2:0:0:0: [sda] Incomplete mode parameter data
[    9.263432] sd 2:0:0:0: [sda] Assuming drive cache: write through
[    9.296717]  sda: sda1
[    9.341676] sd 2:0:0:0: [sda] Attached SCSI disk
Begin: Loading e[   10.695911] md: linear personality registered for level -1
ssential drivers ... [   10.724870] md: multipath personality registered for level -4
[   10.759100] md: raid0 personality registered for level 0
[   10.762972] md: raid1 personality registered for level 1
[   10.852420] raid6: sse2x1   gen() 12043 MB/s
[   10.950584] raid6: sse2x1   xor()  8731 MB/s
[   11.022606] raid6: sse2x2   gen() 14428 MB/s
[   11.158634] raid6: sse2x2   xor()  9987 MB/s
[   11.254603] raid6: sse2x4   gen() 16417 MB/s
[   11.342813] raid6: sse2x4   xor() 11043 MB/s
[   11.470387] raid6: avx2x1   gen() 15772 MB/s
[   11.542325] raid6: avx2x2   gen() 19222 MB/s
[   11.622360] raid6: avx2x4   gen() 29106 MB/s
[   11.687032] raid6: using algorithm avx2x4 gen() 29106 MB/s
[   11.753877] raid6: using avx2x2 recovery algorithm
[   11.797247] xor: automatically using best checksumming function:
[   11.846521]    avx       : 25455.000 MB/sec
[   11.865282] async_tx: api initialized (async)
[   11.896449] md: raid6 personality registered for level 6
[   11.985490] md: raid5 personality registered for level 5
[   12.008463] md: raid4 personality registered for level 4
[   12.081745] md: raid10 personality registered for level 10
done.
Begin: Running /scripts/init-premount ... done.
Begin: Mounting root fil[   12.115094] Btrfs loaded
e system ... Begin: Running /scripts/local-top ... done.
Begin: Running /scripts/local-premount ... Scanning for Btrfs filesystems
done.
Warning: fsck not present, so sk[   12.177415] EXT4-fs (sda1): mounted filesystem with ordered data mode. Opts: (null)
ipping root file system
done.
Begin: Running /scripts/local-bottom ... done.
Begin: Running /scripts/init-bottom ... done.
[   12.314609] systemd[1]: systemd 229 running in system mode. (+PAM +AUDIT +SELINUX +IMA +APPARMOR +SMACK +SYSVINIT +UTMP +LIBCRYPTSETUP +GCRYPT +GNUTLS +ACL +XZ -LZ4 +SECCOMP +BLKID +ELFUTILS +KMOD -IDN)
[   12.336474] systemd[1]: Detected virtualization oracle.
[   12.385972] systemd[1]: Detected architecture x86-64.

Welcome to [1mUbuntu 16.04.5 LTS[0m!

[   12.460629] systemd[1]: Set hostname to <ubuntu-xenial>.
[   12.722961] systemd[1]: Set up automount Arbitrary Executable File Formats File System Automount Point.
[[0;32m  OK  [0m] Set up automount Arbitrary Executab...ats File System Automount Point.
[   12.775655] systemd[1]: Reached target System Time Synchronized.
[[0;32m  OK  [0m] Reached target System Time Synchronized.
[   12.823520] systemd[1]: Listening on Device-mapper event daemon FIFOs.
[[0;32m  OK  [0m] Listening on Device-mapper event daemon FIFOs.
[   12.828266] systemd[1]: Listening on /dev/initctl Compatibility Named Pipe.
[[0;32m  OK  [0m] Listening on /dev/initctl Compatibility Named Pipe.
[   12.954989] systemd[1]: Listening on udev Control Socket.
[[0;32m  OK  [0m] Listening on udev Control Socket.
[   13.075542] systemd[1]: Listening on Journal Socket (/dev/log).
[[0;32m  OK  [0m] Listening on Journal Socket (/dev/log).
[   13.158628] systemd[1]: Started Trigger resolvconf update for networkd DNS.
[[0;32m  OK  [0m] Started Trigger resolvconf update for networkd DNS.
[   13.259398] systemd[1]: Created slice User and Session Slice.
[[0;32m  OK  [0m] Created slice User and Session Slice.
[   13.359476] systemd[1]: Listening on udev Kernel Socket.
[[0;32m  OK  [0m] Listening on udev Kernel Socket.
[   13.471623] systemd[1]: Created slice System Slice.
[[0;32m  OK  [0m] Created slice System Slice.
[   13.527443] systemd[1]: Reached target Slices.
[[0;32m  OK  [0m] Reached target Slices.
[   13.567553] systemd[1]: Started Forward Password Requests to Wall Directory Watch.
[[0;32m  OK  [0m] Started Forward Password Requests to Wall Directory Watch.
[   13.591313] systemd[1]: Listening on LVM2 metadata daemon socket.
[[0;32m  OK  [0m] Listening on LVM2 metadata daemon socket.
[   13.686729] systemd[1]: Listening on Journal Socket.
[[0;32m  OK  [0m] Listening on Journal Socket.
[   13.702713] systemd[1]: Starting Monitoring of LVM2 mirrors, snapshots etc. using dmeventd or progress polling...
         Starting Monitor[   13.718777] random: nonblocking pool is initialized
ing of LVM2 mirrors... dmeventd or progress polling...
[   13.741730] systemd[1]: Starting Uncomplicated firewall...
         Starting Uncomplicated firewall...
[   13.766875] systemd[1]: Starting Set console keymap...
         Starting Set console keymap...
[   13.783147] systemd[1]: Starting Remount Root and Kernel File Systems...
[   13.793670] EXT4-fs (sda1): re-mounted. Opts: (null)
         Starting Remount Root and Kernel File Systems...
[   13.819521] systemd[1]: Starting Load Kernel Modules...
         Startin[   13.827618] Loading iSCSI transport class v2.0-870.
g Load Kernel Modules...
[   13.873578] iscsi: registered transport (tcp)
[   14.188485] systemd[1]: Listening on LVM2 poll daemon socket.
[[0;32m  OK  [0m] Listening on LVM2 poll daemo[   14.230123] iscsi: registered transport (iser)
n socket.
[   14.258652] systemd[1]: Mounting Debug File System...
         Mounting Debug File System...
[   14.262891] systemd[1]: Starting Nameserver information manager...
         Starting Nameserver information manager...
[   14.293019] systemd[1]: Created slice system-serial\x2dgetty.slice.
[[0;32m  OK  [0m] Created slice system-serial\x2dgetty.slice.
[   14.391907] systemd[1]: Reached target Encrypted Volumes.
[[0;32m  OK  [0m] Reached target Encrypted Volumes.
[   14.447392] systemd[1]: Reached target User and Group Name Lookups.
[[0;32m  OK  [0m] Reached target User and Group Name Lookups.
[   14.542831] systemd[1]: Mounting Huge Pages File System...
         Mounting Huge Pages File System...
[   14.567251] systemd[1]: Reached target Swap.
[[0;32m  OK  [0m] Reached target Swap.
[   14.607812] systemd[1]: Listening on Syslog Socket.
[[0;32m  OK  [0m] Listening on Syslog Socket.
[   14.670993] systemd[1]: Mounting POSIX Message Queue File System...
         Mounting POSIX Message Queue File System...
[   14.719863] systemd[1]: Starting Create list of required static device nodes for the current kernel...
         Starting Create list of required st... nodes for the current kernel...
[   14.777687] systemd[1]: Listening on Journal Audit Socket.
[[0;32m  OK  [0m] Listening on Journal Audit Socket.
[   14.819166] systemd[1]: Starting Journal Service...
         Starting Journal Service...
[   14.835783] systemd[1]: Mounted POSIX Message Queue File System.
[[0;32m  OK  [0m] Mounted POSIX Message Queue File System.
[   14.840322] systemd[1]: Mounted Debug File System.
[[0;32m  OK  [0m] Mounted Debug File System.
[   14.843767] systemd[1]: Mounted Huge Pages File System.
[[0;32m  OK  [0m] Mounted Huge Pages File System.
[   14.847450] systemd[1]: Started Journal Service.
[[0;32m  OK  [0m] Started Journal Service.
[[0;32m  OK  [0m] Started Uncomplicated firewall.
[[0;32m  OK  [0m] Started Set console keymap.
[[0;32m  OK  [0m] Started Remount Root and Kernel File Systems.
[[0;32m  OK  [0m] Started Load Kernel Modules.
[[0;32m  OK  [0m] Started Create list of required sta...ce nodes for the current kernel.
[[0;32m  OK  [0m] Started Nameserver information manager.
[[0;32m  OK  [0m] Started LVM2 metadata daemon.
         Starting Create Static Device Nodes in /dev...
         Mounting FUSE Control File System...
         Starting Apply Kernel Variables...
         Starting udev Coldplug all Devices...
         Starting Load/Save Random Seed...
         Starting Flush Journal to Persistent Storage...
[[0;32m  OK  [0m] Mounted FUSE Control File System.
[[0;32m  OK  [0m] Started Create Static Device Nodes in /dev.
[[0;32m  OK  [0m] Started Apply Kernel Variables.
[[0;32m  OK  [0m] Started Load/Save Random Seed.
[[0;32m  OK  [0m] Started udev Coldplug all Devices.
[[0;32m  OK  [0m] Started Flush Journal to Persistent Storage.
         Starting udev Kernel Device Manager...
[[0;32m  OK  [0m] Started Monitoring of LVM2 mirrors,...ng dmeventd or progress polling.
[[0;32m  OK  [0m] Started udev Kernel Device Manager.
[[0;32m  OK  [0m] Started Dispatch Password Requests to Console Directory Watch.
[[0;32m  OK  [0m] Reached target Local File Systems (Pre).
[[0;32m  OK  [0m] Reached target Local File Systems.
         Starting LSB: AppArmor initialization...
         Starting Create Volatile Files and Directories...
         Starting Tell Plymouth To Write Out Runtime Data...
         Starting Initial cloud-init job (pre-networking)...
         Starting Set console font and keymap...
[[0;32m  OK  [0m] Started Create Volatile Files and Directories.
[[0;32m  OK  [0m] Started Tell Plymouth To Write Out Runtime Data.
         Starting Update UTMP about System Boot/Shutdown...
[[0;32m  OK  [0m] Found device /dev/ttyS0.
[[0;32m  OK  [0m] Started Update UTMP about System Boot/Shutdown.
[[0;32m  OK  [0m] Listening on Load/Save RF Kill Switch Status /dev/rfkill Watch.
[[0;32m  OK  [0m] Started LSB: AppArmor initialization.
[[0;32m  OK  [0m] Found device 82540EM Gigabit Ethern...r (PRO/1000 MT Desktop Adapter).
[[0;32m  OK  [0m] Started Set console font and keymap.
[[0;32m  OK  [0m] Created slice system-getty.slice.
[   16.510351] cloud-init[484]: Cloud-init v. 18.3-9-g2e62cb8a-0ubuntu1~16.04.2 running 'init-local' at Fri, 05 Oct 2018 06:34:51 +0000. Up 16.16 seconds.
[[0;32m  OK  [0m] Started Initial cloud-init job (pre-networking).
[[0;32m  OK  [0m] Reached target Network (Pre).
[[0;32m  OK  [0m] Started ifup for enp0s3.
         Starting Raise network interfaces...
[[0;32m  OK  [0m] Started Raise network interfaces.
[[0;32m  OK  [0m] Reached target Network.
         Starting Initial cloud-init job (metadata service crawler)...
[   17.610296] cloud-init[956]: Cloud-init v. 18.3-9-g2e62cb8a-0ubuntu1~16.04.2 running 'init' at Fri, 05 Oct 2018 06:34:51 +0000. Up 17.07 seconds.
[   17.677292] cloud-init[956]: ci-info: ++++++++++++++++++++++++++++++++++++++Net device info++++++++++++++++++++++++++++++++++++++
[[0;32m  OK  [0m] Started Initial cloud-init job (metadata service crawler).
[   17.712738] [[0;32m  OK  [0m] Reached target Network is Online.
cloud-init[956]: ci-info: +--------+------+----------------------------+---------------+--------+-------------------+
[   17.764746]          Starting iSCSI initiator daemon (iscsid)...
[[0;32m  OK  [0m] Reached target System Initialization.
cloud-init[956]: ci-info: | Device |  Up  |          Address           |      Mask     | Scope  |     Hw-Address    |
[[0;32m  OK  [0m] Started ACPI Events Check.
[   17.833669] cloud-init[956]: ci-info: +--------+------+----------------------------+---------------+--------+-------------------+
[   17.919379] [[0;32m  OK  [0m] Reached target Paths.
         Starting Socket activation for snappy daemon.
[[0;32m  OK  [0m] Started Daily Cleanup of Temporary Directories.
[[0;32m  OK  [0m] Listening on ACPID Listen Socket.
[[0;32m  OK  [0m] Listening on D-Bus System Message Bus Socket.
cloud-init[956]: ci-info: | enp0s3 | True |         10.0.2.15          | 255.255.255.0 | global | 02:fb:a8:4c:29:d0 |
[   17.996494] [[0;32m  OK  [0m] Started Daily apt download activities.
[[0;32m  OK  [0m] Started Daily apt upgrade and clean activities.
[[0;32m  OK  [0m] Reached target Timers.
cloud-init[956]: ci-info: | enp0s3 | True | fe80::fb:a8ff:fe4c:29d0/64 |       .       |  link  | 02:fb:a8:4c:29:d0 |
[   18.123643]          Starting LXD - unix socket.
[[0;32m  OK  [0m] Listening on UUID daemon activation socket.
[[0;32m  OK  [0m] Reached target Cloud-config availability.
cloud-init[956]: ci-info: |   lo   | True |         127.0.0.1          |   255.0.0.0   |  host  |         .         |
[   18.224136] [[0;32m  OK  [0m] Listening on Socket activation for snappy daemon.
[[0;32m  OK  [0m] Listening on LXD - unix socket.
[[0;32m  OK  [0m] Started iSCSI initiator daemon (iscsid).
cloud-init[956]: ci-info: |   lo   | True |          ::1/128           |       .       |  host  |         .         |
[   18.269132]          Starting Login to default iSCSI targets...
[[0;32m  OK  [0m] Reached target Sockets.
[[0;32m  OK  [0m] Reached target Basic System.
cloud-init[956]: ci-info: +--------+------+----------------------------+---------------+--------+-------------------+
         Starting LSB: Record successful boot for GRUB...
[   18.319839] cloud-init[956]: ci-info: +++++++++++++++++++++++++++Route IPv4 info++++++++++++++++++++++++++++
[   18.414628]          Starting Login Service...
cloud-init[956]: ci-info: +-------+-------------+----------+---------------+-----------+-------+
[   18.452993]          Starting Accounts Service...
cloud-init[956]: ci-info: | Route | Destination | Gateway  |    Genmask    | Interface | Flags |
[   18.502358] [[0;32m  OK  [0m] Started ACPI event daemon.
[[0;32m  OK  [0m] Started FUSE filesystem for LXC.
         Starting LSB: MD monitoring daemon...
[[0;32m  OK  [0m] Started Unattended Upgrades Shutdown.
cloud-init[956]: ci-info: +-------+-------------+----------+---------------+-----------+-------+
[   18.569076] cloud-init[956]: ci-info: |   0   |   0.0.0.0   | 10.0.2.2 |    0.0.0.0    |   enp0s3  |   UG  |
[   18.570209] cloud-init[956]: ci-info: |   1   |   10.0.2.0  | 0.0.0.0  | 255.255.255.0 |   enp0s3  |   U   |
[   18.570609] cloud-init[956]: ci-info: +-------+-------------+----------+---------------+-----------+-------+
[   18.570974] cloud-init[956]: ci-info: +++++++++++++++++++Route IPv6 info+++++++++++++++++++
[[0;32m  OK  [0m] Started Regular background program processing daemon.
[   18.571392] cloud-init[956]: ci-info: +-------+-------------+---------+-----------+-------+
         [   18.635968] cloud-init[956]: ci-info: | Route | Destination | Gateway | Interface | Flags |
[   18.636718] cloud-init[956]: ci-info: +-------+-------------+---------+-----------+-------+
[   18.636983] cloud-init[956]: ci-info: |   0   |  fe80::/64  |    ::   |   enp0s3  |   U   |
Starting /etc/rc.local Compatibility...
[   18.637298] cloud-init[956]: ci-info: |   3   |   ff00::/8  |    ::   |   enp0s3  |   U   |
[   18.792994] cloud-init[956]: ci-info: +-------+-------------+---------+-----------+-------+
[[0;32m  OK  [0m] Started Deferred execution scheduler.
[[0;32m  OK  [0m] Started D-Bus System Message Bus.
         Starting LXD - container startup/shutdown...
         Starting System Logging Service...
         Starting Virtualbox guest utils...
         Starting OpenBSD Secure Shell server...
         Starting Snappy daemon...
[[0;32m  OK  [0m] Started /etc/rc.local Compatibility.
[[0;32m  OK  [0m] Started System Logging Service.
[[0;32m  OK  [0m] Started Login Service.
[[0;32m  OK  [0m] Started LSB: Record successful boot for GRUB.
[[0;32m  OK  [0m] Started LSB: MD monitoring daemon.
         Starting Authenticate and Authorize Users to Run Privileged Tasks...
[[0;32m  OK  [0m] Started OpenBSD Secure Shell server.
[[0;32m  OK  [0m] Started Login to default iSCSI targets.
[[0;32m  OK  [0m] Reached target Remote File Systems (Pre).
[[0;32m  OK  [0m] Reached target Remote File Systems.
         Starting LSB: Set the CPU Frequency Scaling governor to "ondemand"...
         Starting Permit User Sessions...
         Starting LSB: daemon to balance interrupts for SMP systems...
         Starting LSB: automatic crash report generation...
[[0;32m  OK  [0m] Started Virtualbox guest utils.
[[0;32m  OK  [0m] Started Permit User Sessions.
[[0;32m  OK  [0m] Started Authenticate and Authorize Users to Run Privileged Tasks.
[[0;32m  OK  [0m] Started Accounts Service.
[[0;32m  OK  [0m] Started LSB: Set the CPU Frequency Scaling governor to "ondemand".
[[0;32m  OK  [0m] Started LSB: daemon to balance interrupts for SMP systems.
         Starting Hold until boot process finishes up...
         Starting Terminate Plymouth Boot Screen...
[[0;32m  OK  [0m] Started LSB: automatic crash report generation.
[[0;32m  OK  [0m] Started Hold until boot process finishes up.
[[0;32m  OK  [0m] Started Terminate Plymouth Boot Screen.
[[0;32m  OK  [0m] Started Getty on tty1.
         Starting Set console scheme...
[[0;32m  OK  [0m] Started Serial Getty on ttyS0.
[[0;32m  OK  [0m] Reached target Login Prompts.
[[0;32m  OK  [0m] Started Set console scheme.
[[0;32m  OK  [0m] Started LXD - container startup/shutdown.
[[0;32m  OK  [0m] Started Snappy daemon.
         Starting Wait until snapd is fully seeded...
[[0;32m  OK  [0m] Started Wait until snapd is fully seeded.
         Starting Apply the settings specified in cloud-config...
[[0;32m  OK  [0m] Reached target Multi-User System.
[[0;32m  OK  [0m] Reached target Graphical Interface.
         Starting Update UTMP about System Runlevel Changes...
[[0;32m  OK  [0m] Started Update UTMP about System Runlevel Changes.
[   20.342468] cloud-init[1187]: Cloud-init v. 18.3-9-g2e62cb8a-0ubuntu1~16.04.2 running 'modules:config' at Fri, 05 Oct 2018 06:34:55 +0000. Up 20.23 seconds.
[[0;32m  OK  [0m] Started Apply the settings specified in cloud-config.
         Starting Execute cloud user/final scripts...
[   20.702594] cloud-init[1200]: Cloud-init v. 18.3-9-g2e62cb8a-0ubuntu1~16.04.2 running 'modules:final' at Fri, 05 Oct 2018 06:34:55 +0000. Up 20.59 seconds.
[   20.706309] cloud-init[1200]: Cloud-init v. 18.3-9-g2e62cb8a-0ubuntu1~16.04.2 finished at Fri, 05 Oct 2018 06:34:55 +0000. Datasource DataSourceNoCloud [seed=/dev/sdb][dsmode=net].  Up 20.69 seconds
[[0;32m  OK  [0m] Started Execute cloud user/final scripts.
[[0;32m  OK  [0m] Reached target Cloud-init target.

Ubuntu 16.04.5 LTS ubuntu-xenial ttyS0

ubuntu-xenial login: [[0;32m  OK  [0m] Stopped target Timers.
[[0;32m  OK  [0m] Stopped Daily apt upgrade and clean activities.
[[0;32m  OK  [0m] Stopped Daily apt download activities.
         Stopping Session 2 of user vagrant.
[[0;32m  OK  [0m] Stopped target Cloud-init target.
[[0;32m  OK  [0m] Stopped target Graphical Interface.
[[0;32m  OK  [0m] Closed Load/Save RF Kill Switch Status /dev/rfkill Watch.
              Stopping LSB: daemon to balance interrupts for SMP systems...
         Stopping LSB: MD monitoring daemon...
         Stopping Session 8 of user vagrant.
         Stopping LSB: Set the CPU Frequency Scaling governor to "ondemand"...
[[0;32m  OK  [0m] Unmounted /var/lib/lxcfs.
[[0;32m  OK  [0m] Stopped Accounts Service.
[[0;32m  OK  [0m] Stopped ACPI event daemon.
[[0;32m  OK  [0m] Stopped Regular background program processing daemon.
[[0;32m  OK  [0m] Stopped Deferred execution scheduler.
[[0;32m  OK  [0m] Stopped System Logging Service.
[[0;32m  OK  [0m] Stopped OpenBSD Secure Shell server.
[[0;32m  OK  [0m] Stopped Snappy daemon.
[[0;32m  OK  [0m] Stopped Authenticate and Authorize Users to Run Privileged Tasks.
[[0;32m  OK  [0m] Stopped Getty on tty1.
[[0;32m  OK  [0m] Stopped Serial Getty on ttyS0.
[[0;32m  OK  [0m] Stopped User Manager for UID 1000.
[[0;32m  OK  [0m] Stopped D-Bus System Message Bus.
[[0;32m  OK  [0m] Stopped Session 2 of user vagrant.
[[0;32m  OK  [0m] Stopped Unattended Upgrades Shutdown.
[[0;32m  OK  [0m] Stopped FUSE filesystem for LXC.
[[0;32m  OK  [0m] Stopped Session 8 of user vagrant.
[[0;32m  OK  [0m] Stopped LXD - container startup/shutdown.
[[0;32m  OK  [0m] Stopped Virtualbox guest utils.
[[0;32m  OK  [0m] Stopped LSB: automatic crash report generation.
[[0;32m  OK  [0m] Stopped LSB: daemon to balance interrupts for SMP systems.
[[0;32m  OK  [0m] Stopped LSB: MD monitoring daemon.
[[0;32m  OK  [0m] Stopped LSB: Set the CPU Frequency Scaling governor to "ondemand".
[[0;32m  OK  [0m] Stopped LSB: Record successful boot for GRUB.
[[0;32m  OK  [0m] Removed slice User Slice of vagrant.
         Stopping Login Service...
[[0;32m  OK  [0m] Removed slice system-serial\x2dgetty.slice.
[[0;32m  OK  [0m] Removed slice system-getty.slice.
[[0;32m  OK  [0m] Stopped /etc/rc.local Compatibility.
         Stopping Permit User Sessions...
[[0;32m  OK  [0m] Stopped Login Service.
[[0;32m  OK  [0m] Stopped Permit User Sessions.
[[0;32m  OK  [0m] Stopped target Remote File Systems.
[[0;32m  OK  [0m] Stopped target Remote File Systems (Pre).
         Stopping Login to default iSCSI targets...
[[0;32m  OK  [0m] Stopped target Basic System.
[[0;32m  OK  [0m] Stopped target Sockets.
[[0;32m  OK  [0m] Closed LXD - unix socket.
[[0;32m  OK  [0m] Closed Syslog Socket.
[[0;32m  OK  [0m] Closed Socket activation for snappy daemon.
[[0;32m  OK  [0m] Closed ACPID Listen Socket.
[[0;32m  OK  [0m] Closed UUID daemon activation socket.
[[0;32m  OK  [0m] Stopped target Slices.
[[0;32m  OK  [0m] Stopped target Paths.
[[0;32m  OK  [0m] Stopped Forward Password Requests to Wall Directory Watch.
[[0;32m  OK  [0m] Stopped Dispatch Password Requests to Console Directory Watch.
[[0;32m  OK  [0m] Stopped ACPI Events Check.
[[0;32m  OK  [0m] Removed slice User and Session Slice.
[[0;32m  OK  [0m] Closed D-Bus System Message Bus Socket.
[[0;32m  OK  [0m] Stopped target System Initialization.
         Stopping Update UTMP about System Boot/Shutdown...
[[0;32m  OK  [0m] Stopped target Swap.
[[0;32m  OK  [0m] Stopped target Encrypted Volumes.
         Stopping Load/Save Random Seed...
[[0;32m  OK  [0m] Stopped target User and Group Name Lookups.
[[0;32m  OK  [0m] Stopped Load/Save Random Seed.
[[0;32m  OK  [0m] Stopped Update UTMP about System Boot/Shutdown.
[[0;32m  OK  [0m] Stopped Login to default iSCSI targets.
         Stopping iSCSI initiator daemon (iscsid)...
[[0;32m  OK  [0m] Stopped Create Volatile Files and Directories.
[[0;32m  OK  [0m] Stopped iSCSI initiator daemon (iscsid).
[[0;32m  OK  [0m] Stopped target Network is Online.
[[0;32m  OK  [0m] Stopped target Network.
[[0;32m  OK  [0m] Stopped Initial cloud-init job (metadata service crawler).
         Stopping Raise network interfaces...
[[0;32m  OK  [0m] Stopped Raise network interfaces.
[[0;32m  OK  [0m] Stopped Apply Kernel Variables.
[[0;32m  OK  [0m] Stopped target Local File Systems.
         Unmounting /greengrass/ggc/packages/1.6.0/rootfs_nosys...
         Unmounting /greengrass/ggc/packages/1.6.0/rootfs_sys/sys...
         Unmounting /run/user/1000...
         Unmounting /vagrant...
[[0;32m  OK  [0m] Stopped Load Kernel Modules.
[[0;32m  OK  [0m] Stopped target Network (Pre).
[[0;32m  OK  [0m] Stopped Initial cloud-init job (pre-networking).
[[0;32m  OK  [0m] Unmounted /greengrass/ggc/packages/1.6.0/rootfs_nosys.
[[0;32m  OK  [0m] Unmounted /greengrass/ggc/packages/1.6.0/rootfs_sys/sys.
[[0;32m  OK  [0m] Unmounted /run/user/1000.
[[0;32m  OK  [0m] Unmounted /vagrant.
         Unmounting /greengrass/ggc/packages/1.6.0/rootfs_sys...
[[0;32m  OK  [0m] Unmounted /greengrass/ggc/packages/1.6.0/rootfs_sys.
[[0;32m  OK  [0m] Reached target Unmount All Filesystems.
[[0;32m  OK  [0m] Stopped target Local File Systems (Pre).
[[0;32m  OK  [0m] Stopped Remount Root and Kernel File Systems.
[[0;32m  OK  [0m] Stopped Create Static Device Nodes in /dev.
[[0;32m  OK  [0m] Reached target Shutdown.
[17338.659486] reboot: Power down
